2025/04/13 12:50:22 [notice] 1#1: using the "epoll" event method
2025/04/13 12:50:22 [notice] 1#1: nginx/1.27.4
2025/04/13 12:50:22 [notice] 1#1: built by gcc 14.2.0 (Alpine 14.2.0) 
2025/04/13 12:50:22 [notice] 1#1: OS: Linux 5.15.167.4-microsoft-standard-WSL2
2025/04/13 12:50:22 [notice] 1#1: getrlimit(RLIMIT_NOFILE): 1048576:1048576
2025/04/13 12:50:22 [notice] 1#1: start worker processes
2025/04/13 12:50:22 [notice] 1#1: start worker process 30
2025/04/13 12:50:22 [notice] 1#1: start worker process 31
2025/04/13 12:50:22 [notice] 1#1: start worker process 32
2025/04/13 12:50:22 [notice] 1#1: start worker process 33
2025/04/13 12:50:22 [notice] 1#1: start worker process 34
2025/04/13 12:50:22 [notice] 1#1: start worker process 35
2025/04/13 12:50:22 [notice] 1#1: start worker process 36
2025/04/13 12:50:22 [notice] 1#1: start worker process 37
2025/04/13 12:50:36 [error] 30#30: *1 open() "/usr/share/nginx/html/stock" failed (2: No such file or directory), client: 172.18.0.1, server: localhost, request: "GET /stock HTTP/1.1", host: "localhost:4200"
2025/04/13 12:51:07 [error] 30#30: *1 open() "/usr/share/nginx/html/stock" failed (2: No such file or directory), client: 172.18.0.1, server: localhost, request: "GET /stock HTTP/1.1", host: "localhost:4200"
2025/04/13 12:52:42 [error] 34#34: *3 open() "/usr/share/nginx/html/stock" failed (2: No such file or directory), client: 172.18.0.1, server: localhost, request: "GET /stock HTTP/1.1", host: "localhost:4200"
2025/04/13 12:53:05 [error] 37#37: *5 open() "/usr/share/nginx/html/stock" failed (2: No such file or directory), client: 172.18.0.1, server: localhost, request: "GET /stock HTTP/1.1", host: "localhost:4200"
2025/04/13 12:53:34 [error] 37#37: *5 open() "/usr/share/nginx/html/stock" failed (2: No such file or directory), client: 172.18.0.1, server: localhost, request: "GET /stock HTTP/1.1", host: "localhost:4200"
2025/04/13 12:53:44 [error] 32#32: *6 open() "/usr/share/nginx/html/product" failed (2: No such file or directory), client: 172.18.0.1, server: localhost, request: "GET /product HTTP/1.1", host: "localhost:4200"
2025/04/13 13:06:47 [notice] 1#1: signal 3 (SIGQUIT) received, shutting down
2025/04/13 13:06:47 [notice] 30#30: gracefully shutting down
2025/04/13 13:06:47 [notice] 31#31: gracefully shutting down
2025/04/13 13:06:47 [notice] 32#32: gracefully shutting down
2025/04/13 13:06:47 [notice] 33#33: gracefully shutting down
2025/04/13 13:06:47 [notice] 37#37: gracefully shutting down
2025/04/13 13:06:47 [notice] 30#30: exiting
2025/04/13 13:06:47 [notice] 31#31: exiting
2025/04/13 13:06:47 [notice] 36#36: gracefully shutting down
2025/04/13 13:06:47 [notice] 35#35: gracefully shutting down
2025/04/13 13:06:47 [notice] 32#32: exiting
2025/04/13 13:06:47 [notice] 33#33: exiting
2025/04/13 13:06:47 [notice] 37#37: exiting
2025/04/13 13:06:47 [notice] 36#36: exiting
2025/04/13 13:06:47 [notice] 35#35: exiting
2025/04/13 13:06:47 [notice] 37#37: exit
2025/04/13 13:06:47 [notice] 30#30: exit
2025/04/13 13:06:47 [notice] 32#32: exit
2025/04/13 13:06:47 [notice] 31#31: exit
2025/04/13 13:06:47 [notice] 33#33: exit
2025/04/13 13:06:47 [notice] 36#36: exit
2025/04/13 13:06:47 [notice] 35#35: exit
2025/04/13 13:06:47 [notice] 34#34: gracefully shutting down
2025/04/13 13:06:47 [notice] 34#34: exiting
2025/04/13 13:06:47 [notice] 34#34: exit
2025/04/13 13:06:47 [notice] 1#1: signal 17 (SIGCHLD) received from 35
2025/04/13 13:06:47 [notice] 1#1: worker process 31 exited with code 0
2025/04/13 13:06:47 [notice] 1#1: worker process 32 exited with code 0
2025/04/13 13:06:47 [notice] 1#1: worker process 35 exited with code 0
2025/04/13 13:06:47 [notice] 1#1: worker process 36 exited with code 0
2025/04/13 13:06:47 [notice] 1#1: worker process 37 exited with code 0
2025/04/13 13:06:47 [notice] 1#1: signal 29 (SIGIO) received
2025/04/13 13:06:47 [notice] 1#1: signal 17 (SIGCHLD) received from 30
2025/04/13 13:06:47 [notice] 1#1: worker process 30 exited with code 0
2025/04/13 13:06:47 [notice] 1#1: worker process 33 exited with code 0
2025/04/13 13:06:47 [notice] 1#1: worker process 34 exited with code 0
2025/04/13 13:06:47 [notice] 1#1: exit
2025/04/13 13:09:18 [notice] 1#1: using the "epoll" event method
2025/04/13 13:09:18 [notice] 1#1: nginx/1.27.4
2025/04/13 13:09:18 [notice] 1#1: built by gcc 14.2.0 (Alpine 14.2.0) 
2025/04/13 13:09:18 [notice] 1#1: OS: Linux 5.15.167.4-microsoft-standard-WSL2
2025/04/13 13:09:18 [notice] 1#1: getrlimit(RLIMIT_NOFILE): 1048576:1048576
2025/04/13 13:09:18 [notice] 1#1: start worker processes
2025/04/13 13:09:18 [notice] 1#1: start worker process 30
2025/04/13 13:09:18 [notice] 1#1: start worker process 31
2025/04/13 13:09:18 [notice] 1#1: start worker process 32
2025/04/13 13:09:18 [notice] 1#1: start worker process 33
2025/04/13 13:09:18 [notice] 1#1: start worker process 34
2025/04/13 13:09:18 [notice] 1#1: start worker process 35
2025/04/13 13:09:18 [notice] 1#1: start worker process 36
2025/04/13 13:09:18 [notice] 1#1: start worker process 37
2025/04/13 13:11:48 [notice] 1#1: signal 3 (SIGQUIT) received, shutting down
2025/04/13 13:11:48 [notice] 30#30: gracefully shutting down
2025/04/13 13:11:48 [notice] 31#31: gracefully shutting down
2025/04/13 13:11:48 [notice] 32#32: gracefully shutting down
2025/04/13 13:11:48 [notice] 30#30: exiting
2025/04/13 13:11:48 [notice] 32#32: exiting
2025/04/13 13:11:48 [notice] 35#35: gracefully shutting down
2025/04/13 13:11:48 [notice] 34#34: gracefully shutting down
2025/04/13 13:11:48 [notice] 35#35: exiting
2025/04/13 13:11:48 [notice] 34#34: exiting
2025/04/13 13:11:48 [notice] 30#30: exit
2025/04/13 13:11:48 [notice] 32#32: exit
2025/04/13 13:11:48 [notice] 35#35: exit
2025/04/13 13:11:48 [notice] 34#34: exit
2025/04/13 13:11:48 [notice] 33#33: gracefully shutting down
2025/04/13 13:11:48 [notice] 36#36: gracefully shutting down
2025/04/13 13:11:48 [notice] 33#33: exiting
2025/04/13 13:11:48 [notice] 36#36: exiting
2025/04/13 13:11:48 [notice] 33#33: exit
2025/04/13 13:11:48 [notice] 36#36: exit
2025/04/13 13:11:48 [notice] 37#37: gracefully shutting down
2025/04/13 13:11:48 [notice] 37#37: exiting
2025/04/13 13:11:48 [notice] 37#37: exit
2025/04/13 13:11:48 [notice] 31#31: exiting
2025/04/13 13:11:48 [notice] 31#31: exit
2025/04/13 13:11:48 [notice] 1#1: signal 17 (SIGCHLD) received from 30
2025/04/13 13:11:48 [notice] 1#1: worker process 30 exited with code 0
2025/04/13 13:11:48 [notice] 1#1: worker process 32 exited with code 0
2025/04/13 13:11:48 [notice] 1#1: worker process 33 exited with code 0
2025/04/13 13:11:48 [notice] 1#1: worker process 35 exited with code 0
2025/04/13 13:11:48 [notice] 1#1: worker process 36 exited with code 0
2025/04/13 13:11:48 [notice] 1#1: worker process 37 exited with code 0
2025/04/13 13:11:48 [notice] 1#1: signal 29 (SIGIO) received
2025/04/13 13:11:48 [notice] 1#1: signal 17 (SIGCHLD) received from 31
2025/04/13 13:11:48 [notice] 1#1: worker process 31 exited with code 0
2025/04/13 13:11:48 [notice] 1#1: worker process 34 exited with code 0
2025/04/13 13:11:48 [notice] 1#1: exit
2025/04/13 13:12:27 [notice] 1#1: using the "epoll" event method
2025/04/13 13:12:27 [notice] 1#1: nginx/1.27.4
2025/04/13 13:12:27 [notice] 1#1: built by gcc 14.2.0 (Alpine 14.2.0) 
2025/04/13 13:12:27 [notice] 1#1: OS: Linux 5.15.167.4-microsoft-standard-WSL2
2025/04/13 13:12:27 [notice] 1#1: getrlimit(RLIMIT_NOFILE): 1048576:1048576
2025/04/13 13:12:27 [notice] 1#1: start worker processes
2025/04/13 13:12:27 [notice] 1#1: start worker process 29
2025/04/13 13:12:27 [notice] 1#1: start worker process 30
2025/04/13 13:12:27 [notice] 1#1: start worker process 31
2025/04/13 13:12:27 [notice] 1#1: start worker process 32
2025/04/13 13:12:27 [notice] 1#1: start worker process 33
2025/04/13 13:12:27 [notice] 1#1: start worker process 34
2025/04/13 13:12:27 [notice] 1#1: start worker process 35
2025/04/13 13:12:27 [notice] 1#1: start worker process 36
2025/04/13 13:13:49 [notice] 1#1: signal 3 (SIGQUIT) received, shutting down
2025/04/13 13:13:49 [notice] 33#33: gracefully shutting down
2025/04/13 13:13:49 [notice] 29#29: gracefully shutting down
2025/04/13 13:13:49 [notice] 36#36: gracefully shutting down
2025/04/13 13:13:49 [notice] 33#33: exiting
2025/04/13 13:13:49 [notice] 29#29: exiting
2025/04/13 13:13:49 [notice] 36#36: exiting
2025/04/13 13:13:49 [notice] 29#29: exit
2025/04/13 13:13:49 [notice] 33#33: exit
2025/04/13 13:13:49 [notice] 36#36: exit
2025/04/13 13:13:49 [notice] 31#31: gracefully shutting down
2025/04/13 13:13:49 [notice] 31#31: exiting
2025/04/13 13:13:49 [notice] 31#31: exit
2025/04/13 13:13:49 [notice] 30#30: gracefully shutting down
2025/04/13 13:13:49 [notice] 30#30: exiting
2025/04/13 13:13:49 [notice] 30#30: exit
2025/04/13 13:13:49 [notice] 35#35: gracefully shutting down
2025/04/13 13:13:49 [notice] 35#35: exiting
2025/04/13 13:13:49 [notice] 35#35: exit
2025/04/13 13:13:49 [notice] 32#32: gracefully shutting down
2025/04/13 13:13:49 [notice] 32#32: exiting
2025/04/13 13:13:49 [notice] 32#32: exit
2025/04/13 13:13:49 [notice] 34#34: gracefully shutting down
2025/04/13 13:13:49 [notice] 34#34: exiting
2025/04/13 13:13:49 [notice] 34#34: exit
2025/04/13 13:13:49 [notice] 1#1: signal 17 (SIGCHLD) received from 31
2025/04/13 13:13:49 [notice] 1#1: worker process 31 exited with code 0
2025/04/13 13:13:49 [notice] 1#1: worker process 32 exited with code 0
2025/04/13 13:13:49 [notice] 1#1: worker process 33 exited with code 0
2025/04/13 13:13:49 [notice] 1#1: signal 29 (SIGIO) received
2025/04/13 13:13:49 [notice] 1#1: signal 17 (SIGCHLD) received from 36
2025/04/13 13:13:49 [notice] 1#1: worker process 29 exited with code 0
2025/04/13 13:13:49 [notice] 1#1: worker process 35 exited with code 0
2025/04/13 13:13:49 [notice] 1#1: worker process 36 exited with code 0
2025/04/13 13:13:49 [notice] 1#1: signal 29 (SIGIO) received
2025/04/13 13:13:49 [notice] 1#1: signal 17 (SIGCHLD) received from 29
2025/04/13 13:13:49 [notice] 1#1: signal 17 (SIGCHLD) received from 30
2025/04/13 13:13:49 [notice] 1#1: worker process 30 exited with code 0
2025/04/13 13:13:49 [notice] 1#1: signal 17 (SIGCHLD) received from 34
2025/04/13 13:13:49 [notice] 1#1: worker process 34 exited with code 0
2025/04/13 13:13:49 [notice] 1#1: exit
2025/04/13 13:17:21 [notice] 1#1: using the "epoll" event method
2025/04/13 13:17:21 [notice] 1#1: nginx/1.27.4
2025/04/13 13:17:21 [notice] 1#1: built by gcc 14.2.0 (Alpine 14.2.0) 
2025/04/13 13:17:21 [notice] 1#1: OS: Linux 5.15.167.4-microsoft-standard-WSL2
2025/04/13 13:17:21 [notice] 1#1: getrlimit(RLIMIT_NOFILE): 1048576:1048576
2025/04/13 13:17:21 [notice] 1#1: start worker processes
2025/04/13 13:17:21 [notice] 1#1: start worker process 30
2025/04/13 13:17:21 [notice] 1#1: start worker process 31
2025/04/13 13:17:21 [notice] 1#1: start worker process 32
2025/04/13 13:17:21 [notice] 1#1: start worker process 33
2025/04/13 13:17:21 [notice] 1#1: start worker process 34
2025/04/13 13:17:21 [notice] 1#1: start worker process 35
2025/04/13 13:17:21 [notice] 1#1: start worker process 36
2025/04/13 13:17:21 [notice] 1#1: start worker process 37
2025/04/13 13:19:15 [notice] 1#1: signal 3 (SIGQUIT) received, shutting down
2025/04/13 13:19:15 [notice] 31#31: gracefully shutting down
2025/04/13 13:19:15 [notice] 32#32: gracefully shutting down
2025/04/13 13:19:15 [notice] 33#33: gracefully shutting down
2025/04/13 13:19:15 [notice] 34#34: gracefully shutting down
2025/04/13 13:19:15 [notice] 31#31: exiting
2025/04/13 13:19:15 [notice] 32#32: exiting
2025/04/13 13:19:15 [notice] 33#33: exiting
2025/04/13 13:19:15 [notice] 36#36: gracefully shutting down
2025/04/13 13:19:15 [notice] 34#34: exiting
2025/04/13 13:19:15 [notice] 36#36: exiting
2025/04/13 13:19:15 [notice] 32#32: exit
2025/04/13 13:19:15 [notice] 33#33: exit
2025/04/13 13:19:15 [notice] 31#31: exit
2025/04/13 13:19:15 [notice] 34#34: exit
2025/04/13 13:19:15 [notice] 36#36: exit
2025/04/13 13:19:15 [notice] 35#35: gracefully shutting down
2025/04/13 13:19:15 [notice] 35#35: exiting
2025/04/13 13:19:15 [notice] 35#35: exit
2025/04/13 13:19:15 [notice] 30#30: gracefully shutting down
2025/04/13 13:19:15 [notice] 37#37: gracefully shutting down
2025/04/13 13:19:15 [notice] 30#30: exiting
2025/04/13 13:19:15 [notice] 37#37: exiting
2025/04/13 13:19:15 [notice] 30#30: exit
2025/04/13 13:19:15 [notice] 37#37: exit
2025/04/13 13:19:15 [notice] 1#1: signal 17 (SIGCHLD) received from 35
2025/04/13 13:19:15 [notice] 1#1: worker process 32 exited with code 0
2025/04/13 13:19:15 [notice] 1#1: worker process 35 exited with code 0
2025/04/13 13:19:15 [notice] 1#1: signal 29 (SIGIO) received
2025/04/13 13:19:15 [notice] 1#1: signal 17 (SIGCHLD) received from 31
2025/04/13 13:19:15 [notice] 1#1: worker process 30 exited with code 0
2025/04/13 13:19:15 [notice] 1#1: worker process 31 exited with code 0
2025/04/13 13:19:15 [notice] 1#1: worker process 33 exited with code 0
2025/04/13 13:19:15 [notice] 1#1: signal 29 (SIGIO) received
2025/04/13 13:19:15 [notice] 1#1: signal 17 (SIGCHLD) received from 30
2025/04/13 13:19:15 [notice] 1#1: signal 17 (SIGCHLD) received from 37
2025/04/13 13:19:15 [notice] 1#1: worker process 36 exited with code 0
2025/04/13 13:19:15 [notice] 1#1: worker process 37 exited with code 0
2025/04/13 13:19:15 [notice] 1#1: signal 29 (SIGIO) received
2025/04/13 13:19:15 [notice] 1#1: signal 17 (SIGCHLD) received from 34
2025/04/13 13:19:15 [notice] 1#1: worker process 34 exited with code 0
2025/04/13 13:19:15 [notice] 1#1: exit
